[debug] [2022-02-21T11:26:29.322Z] ----------------------------------------------------------------------
[debug] [2022-02-21T11:26:29.325Z] Command:       C:\Program Files\nodejs\node.exe C:\Users\Leo Asher\AppData\Roaming\npm\node_modules\firebase-tools\lib\bin\firebase.js init
[debug] [2022-02-21T11:26:29.326Z] CLI Version:   10.2.1
[debug] [2022-02-21T11:26:29.326Z] Platform:      win32
[debug] [2022-02-21T11:26:29.326Z] Node Version:  v16.13.2
[debug] [2022-02-21T11:26:29.328Z] Time:          Mon Feb 21 2022 18:26:29 GMT+0700 (Giờ Đông Dương)
[debug] [2022-02-21T11:26:29.328Z] ----------------------------------------------------------------------
[debug] 
[debug] [2022-02-21T11:26:29.408Z] > command requires scopes: ["email","openid","https://www.googleapis.com/auth/cloudplatformprojects.readonly","https://www.googleapis.com/auth/firebase","https://www.googleapis.com/auth/cloud-platform"]
[debug] [2022-02-21T11:26:29.409Z] > authorizing via signed-in user (leovh2507@gmail.com)
[info] 
     ######## #### ########  ######## ########     ###     ######  ########
     ##        ##  ##     ## ##       ##     ##  ##   ##  ##       ##
     ######    ##  ########  ######   ########  #########  ######  ######
     ##        ##  ##    ##  ##       ##     ## ##     ##       ## ##
     ##       #### ##     ## ######## ########  ##     ##  ######  ########

You're about to initialize a Firebase project in this directory:

  C:\Users\Leo Asher\Desktop\Study1\personal\ncc-angular-training

Before we get started, keep in mind:

  * You are initializing within an existing Firebase project directory

